<?xml version="1.0" encoding="UTF-8"?>
<testsuites name="ASMV3 Test Suite" time="45" tests="2" failures="1" errors="0">
   <testsuite name="ASMV3 Test Suite" tests="2" failures="1" errors="0" time="45" timestamp="2018-11-14 14:03:38" hostname="ekroes - ltekroes.acto.nl" id="Test Suites/ASMV3 Test Suite">
      <properties>
         <property name="deviceName" value=""/>
         <property name="devicePlatform" value=""/>
         <property name="logFolder" value="C:\\Users\\ekroes\\git\\AppsTests\\Reports\\ASMV3 Test Suite\\20181114_140337"/>
         <property name="logFiles" value="C:\\Users\\ekroes\\git\\AppsTests\\Reports\\ASMV3 Test Suite\\20181114_140337\\execution0.log"/>
         <property name="attachments" value="C:\\Users\\ekroes\\git\\AppsTests\\Reports\\ASMV3 Test Suite\\20181114_140337\\1542200624071.png, C:\\Users\\ekroes\\git\\AppsTests\\Reports\\ASMV3 Test Suite\\20181114_140337\\1542200663444.png"/>
         <property name="hostName" value="ekroes - ltekroes.acto.nl"/>
         <property name="os" value="Windows 10 64bit"/>
         <property name="katalonVersion" value="5.8.0.1"/>
         <property name="browser" value="Chrome 70.0.3538.102"/>
         <property name="hostAddress" value="10.146.8.12"/>
         <property name="sessionId" value="3e672635a2edcb7fd0f48b16b8b972f8"/>
         <property name="seleniumVersion" value="3.7.1"/>
         <property name="proxyInformation" value="ProxyInformation{proxyOption=USE_SYSTEM, proxyServerType=HTTP, password=, proxyServerAddress=, proxyServerPort=0}"/>
         <property name="platform" value="Windows 10"/>
      </properties>
      <testcase name="Test Cases/Algemeen/LoginLocalhost" classname="Test Cases/Algemeen/LoginLocalhost" status="PASSED">
         <system-out><![CDATA[2018-11-14 14:03:38 - [TEST_CASE][PASSED] - Test Cases/Algemeen/LoginLocalhost: Test Cases/Algemeen/LoginLocalhost

2018-11-14 14:03:39 - [TEST_STEP][PASSED] - openBrowser: Browser is opened with url: ''

2018-11-14 14:03:42 - [MESSAGE][PASSED] - Browser is opened with url: ''

2018-11-14 14:03:42 - [TEST_STEP][PASSED] - navigateToUrl: Navigate to 'http://localhost/dev/Account/Account/Login.aspx' successfully

2018-11-14 14:03:42 - [MESSAGE][PASSED] - Navigate to 'http://localhost/dev/Account/Account/Login.aspx' successfully

2018-11-14 14:03:42 - [TEST_STEP][PASSED] - setText: Text 'ekroes' is set on object 'Object Repository/LoginPagina/input-Username'

2018-11-14 14:03:42 - [MESSAGE][PASSED] - Text 'ekroes' is set on object 'Object Repository/LoginPagina/input-Username'

2018-11-14 14:03:42 - [TEST_STEP][PASSED] - setText: Text 'Varkenskut_hoera123' is set on object 'Object Repository/LoginPagina/input-Password'

2018-11-14 14:03:42 - [MESSAGE][PASSED] - Text 'Varkenskut_hoera123' is set on object 'Object Repository/LoginPagina/input-Password'

2018-11-14 14:03:42 - [TEST_STEP][PASSED] - click: Object: 'Object Repository/LoginPagina/input_LoginButton' is clicked on

2018-11-14 14:03:43 - [MESSAGE][PASSED] - Object: 'Object Repository/LoginPagina/input_LoginButton' is clicked on

2018-11-14 14:03:43 - [TEST_STEP][PASSED] - waitForElementPresent: Object 'Object Repository/Home/HomeAppTileContainer' is present

2018-11-14 14:03:43 - [MESSAGE][PASSED] - Object 'Object Repository/Home/HomeAppTileContainer' is present

2018-11-14 14:03:43 - [TEST_STEP][PASSED] - Statement - assert true: null]]></system-out>
         <system-err><![CDATA[]]></system-err>
      </testcase>
      <testcase name="Test Cases/ASMV3/HomeIndex" classname="Test Cases/ASMV3/HomeIndex" status="PASSED">
         <system-out><![CDATA[2018-11-14 14:03:43 - [TEST_CASE][PASSED] - Test Cases/ASMV3/HomeIndex: Test Cases/ASMV3/HomeIndex

2018-11-14 14:03:43 - [TEST_STEP][PASSED] - click: Object: 'Object Repository/ASMV3/Home/AsmAppTile' is clicked on

2018-11-14 14:03:44 - [MESSAGE][PASSED] - Object: 'Object Repository/ASMV3/Home/AsmAppTile' is clicked on

2018-11-14 14:03:44 - [TEST_STEP][PASSED] - takeScreenshot: Taking screenshot successfully

2018-11-14 14:03:44 - [MESSAGE][PASSED] - Taking screenshot successfully
[[ATTACHMENT|C:\\Users\\ekroes\\git\\AppsTests\\Reports\\ASMV3 Test Suite\\20181114_140337\\1542200624071.png]]

2018-11-14 14:03:44 - [TEST_STEP][PASSED] - waitForElementPresent: Object 'Object Repository/ASMV3/Home/HomeIndex' is present

2018-11-14 14:03:44 - [MESSAGE][PASSED] - Object 'Object Repository/ASMV3/Home/HomeIndex' is present

2018-11-14 14:03:44 - [TEST_STEP][PASSED] - Statement - assert true: null

2018-11-14 14:03:44 - [TEST_STEP][PASSED] - delay: Delayed 5 second(s)

2018-11-14 14:03:49 - [MESSAGE][PASSED] - Delayed 5 second(s)]]></system-out>
         <system-err><![CDATA[]]></system-err>
      </testcase>
      <testcase name="Test Cases/ASMV3/WerkorderOppakken" classname="Test Cases/ASMV3/WerkorderOppakken" status="FAILED">
         <failure type="FAILED" message="(Stack trace: com.kms.katalon.core.exception.StepFailedException: Unable to set text '6000 meter verlengsnoer E-Bike goed voor 4 km fietsen' of object 'Object Repository/ASMV3/Order/Material/input_ProjectMateriaalRegel' (Root cause: com.kms.katalon.core.webui.exception.WebElementNotFoundException: Web element with id: 'Object Repository/ASMV3/Order/Material/input_ProjectMateriaalRegel' located by 'By.xpath: //input[@type = 'text	' and @data-bind = 'value: value, enable: enable, attr: attr' and @class = 'form-control']' not found)
	at com.kms.katalon.core.keyword.internal.KeywordMain.stepFailed(KeywordMain.groovy:36)
	at com.kms.katalon.core.webui.keyword.internal.WebUIKeywordMain.stepFailed(WebUIKeywordMain.groovy:65)
	at com.kms.katalon.core.webui.keyword.internal.WebUIKeywordMain.runKeyword(WebUIKeywordMain.groovy:27)
	at com.kms.katalon.core.webui.keyword.builtin.SetTextKeyword.setText(SetTextKeyword.groovy:65)
	at com.kms.katalon.core.webui.keyword.builtin.SetTextKeyword.execute(SetTextKeyword.groovy:37)
	at com.kms.katalon.core.keyword.internal.KeywordExecutor.executeKeywordForPlatform(KeywordExecutor.groovy:53)
	at com.kms.katalon.core.webui.keyword.WebUiBuiltInKeywords.setText(WebUiBuiltInKeywords.groovy:950)
	at com.kms.katalon.core.webui.keyword.WebUiBuiltInKeywords$setText$1.call(Unknown Source)
	at org.codehaus.groovy.runtime.callsite.CallSiteArray.defaultCall(CallSiteArray.java:48)
	at org.codehaus.groovy.runtime.callsite.AbstractCallSite.call(AbstractCallSite.java:113)
	at org.codehaus.groovy.runtime.callsite.AbstractCallSite.call(AbstractCallSite.java:133)
	at Script1542191612259.run(Script1542191612259.groovy:52)
	at com.kms.katalon.core.main.ScriptEngine.run(ScriptEngine.java:183)
	at com.kms.katalon.core.main.ScriptEngine.runScriptAsRawText(ScriptEngine.java:108)
	at com.kms.katalon.core.main.TestCaseExecutor.runScript(TestCaseExecutor.java:294)
	at com.kms.katalon.core.main.TestCaseExecutor.doExecute(TestCaseExecutor.java:285)
	at com.kms.katalon.core.main.TestCaseExecutor.processExecutionPhase(TestCaseExecutor.java:264)
	at com.kms.katalon.core.main.TestCaseExecutor.accessMainPhase(TestCaseExecutor.java:256)
	at com.kms.katalon.core.main.TestCaseExecutor.execute(TestCaseExecutor.java:200)
	at com.kms.katalon.core.main.TestSuiteExecutor.accessTestCaseMainPhase(TestSuiteExecutor.java:129)
	at com.kms.katalon.core.main.TestSuiteExecutor.accessTestSuiteMainPhase(TestSuiteExecutor.java:112)
	at com.kms.katalon.core.main.TestSuiteExecutor.execute(TestSuiteExecutor.java:81)
	at com.kms.katalon.core.main.TestCaseMain.startTestSuite(TestCaseMain.java:142)
	at com.kms.katalon.core.main.TestCaseMain$startTestSuite$0.call(Unknown Source)
	at org.codehaus.groovy.runtime.callsite.CallSiteArray.defaultCall(CallSiteArray.java:48)
	at org.codehaus.groovy.runtime.callsite.AbstractCallSite.call(AbstractCallSite.java:113)
	at org.codehaus.groovy.runtime.callsite.AbstractCallSite.call(AbstractCallSite.java:141)
	at TempTestSuite1542200617388.run(TempTestSuite1542200617388.groovy:36)
	at groovy.lang.GroovyShell.runScriptOrMainOrTestOrRunnable(GroovyShell.java:263)
	at groovy.lang.GroovyShell.run(GroovyShell.java:518)
	at groovy.lang.GroovyShell.run(GroovyShell.java:507)
	at groovy.ui.GroovyMain.processOnce(GroovyMain.java:653)
	at groovy.ui.GroovyMain.run(GroovyMain.java:384)
	at groovy.ui.GroovyMain.process(GroovyMain.java:370)
	at groovy.ui.GroovyMain.processArgs(GroovyMain.java:129)
	at groovy.ui.GroovyMain.main(GroovyMain.java:109)
	at sun.reflect.NativeMethodAccessorImpl.invoke0(Native Method)
	at sun.reflect.NativeMethodAccessorImpl.invoke(NativeMethodAccessorImpl.java:62)
	at sun.reflect.DelegatingMethodAccessorImpl.invoke(DelegatingMethodAccessorImpl.java:43)
	at java.lang.reflect.Method.invoke(Method.java:498)
	at org.codehaus.groovy.tools.GroovyStarter.rootLoader(GroovyStarter.java:109)
	at org.codehaus.groovy.tools.GroovyStarter.main(GroovyStarter.java:131)
)"/>
         <system-out><![CDATA[2018-11-14 14:03:49 - [TEST_CASE][FAILED] - Test Cases/ASMV3/WerkorderOppakken: Test Cases/ASMV3/WerkorderOppakken FAILED because (of) (Stack trace: com.kms.katalon.core.exception.StepFailedException: Unable to set text '6000 meter verlengsnoer E-Bike goed voor 4 km fietsen' of object 'Object Repository/ASMV3/Order/Material/input_ProjectMateriaalRegel' (Root cause: com.kms.katalon.core.webui.exception.WebElementNotFoundException: Web element with id: 'Object Repository/ASMV3/Order/Material/input_ProjectMateriaalRegel' located by 'By.xpath: //input[@type = 'text	' and @data-bind = 'value: value, enable: enable, attr: attr' and @class = 'form-control']' not found)
	at com.kms.katalon.core.keyword.internal.KeywordMain.stepFailed(KeywordMain.groovy:36)
	at com.kms.katalon.core.webui.keyword.internal.WebUIKeywordMain.stepFailed(WebUIKeywordMain.groovy:65)
	at com.kms.katalon.core.webui.keyword.internal.WebUIKeywordMain.runKeyword(WebUIKeywordMain.groovy:27)
	at com.kms.katalon.core.webui.keyword.builtin.SetTextKeyword.setText(SetTextKeyword.groovy:65)
	at com.kms.katalon.core.webui.keyword.builtin.SetTextKeyword.execute(SetTextKeyword.groovy:37)
	at com.kms.katalon.core.keyword.internal.KeywordExecutor.executeKeywordForPlatform(KeywordExecutor.groovy:53)
	at com.kms.katalon.core.webui.keyword.WebUiBuiltInKeywords.setText(WebUiBuiltInKeywords.groovy:950)
	at com.kms.katalon.core.webui.keyword.WebUiBuiltInKeywords$setText$1.call(Unknown Source)
	at org.codehaus.groovy.runtime.callsite.CallSiteArray.defaultCall(CallSiteArray.java:48)
	at org.codehaus.groovy.runtime.callsite.AbstractCallSite.call(AbstractCallSite.java:113)
	at org.codehaus.groovy.runtime.callsite.AbstractCallSite.call(AbstractCallSite.java:133)
	at Script1542191612259.run(Script1542191612259.groovy:52)
	at com.kms.katalon.core.main.ScriptEngine.run(ScriptEngine.java:183)
	at com.kms.katalon.core.main.ScriptEngine.runScriptAsRawText(ScriptEngine.java:108)
	at com.kms.katalon.core.main.TestCaseExecutor.runScript(TestCaseExecutor.java:294)
	at com.kms.katalon.core.main.TestCaseExecutor.doExecute(TestCaseExecutor.java:285)
	at com.kms.katalon.core.main.TestCaseExecutor.processExecutionPhase(TestCaseExecutor.java:264)
	at com.kms.katalon.core.main.TestCaseExecutor.accessMainPhase(TestCaseExecutor.java:256)
	at com.kms.katalon.core.main.TestCaseExecutor.execute(TestCaseExecutor.java:200)
	at com.kms.katalon.core.main.TestSuiteExecutor.accessTestCaseMainPhase(TestSuiteExecutor.java:129)
	at com.kms.katalon.core.main.TestSuiteExecutor.accessTestSuiteMainPhase(TestSuiteExecutor.java:112)
	at com.kms.katalon.core.main.TestSuiteExecutor.execute(TestSuiteExecutor.java:81)
	at com.kms.katalon.core.main.TestCaseMain.startTestSuite(TestCaseMain.java:142)
	at com.kms.katalon.core.main.TestCaseMain$startTestSuite$0.call(Unknown Source)
	at org.codehaus.groovy.runtime.callsite.CallSiteArray.defaultCall(CallSiteArray.java:48)
	at org.codehaus.groovy.runtime.callsite.AbstractCallSite.call(AbstractCallSite.java:113)
	at org.codehaus.groovy.runtime.callsite.AbstractCallSite.call(AbstractCallSite.java:141)
	at TempTestSuite1542200617388.run(TempTestSuite1542200617388.groovy:36)
	at groovy.lang.GroovyShell.runScriptOrMainOrTestOrRunnable(GroovyShell.java:263)
	at groovy.lang.GroovyShell.run(GroovyShell.java:518)
	at groovy.lang.GroovyShell.run(GroovyShell.java:507)
	at groovy.ui.GroovyMain.processOnce(GroovyMain.java:653)
	at groovy.ui.GroovyMain.run(GroovyMain.java:384)
	at groovy.ui.GroovyMain.process(GroovyMain.java:370)
	at groovy.ui.GroovyMain.processArgs(GroovyMain.java:129)
	at groovy.ui.GroovyMain.main(GroovyMain.java:109)
	at sun.reflect.NativeMethodAccessorImpl.invoke0(Native Method)
	at sun.reflect.NativeMethodAccessorImpl.invoke(NativeMethodAccessorImpl.java:62)
	at sun.reflect.DelegatingMethodAccessorImpl.invoke(DelegatingMethodAccessorImpl.java:43)
	at java.lang.reflect.Method.invoke(Method.java:498)
	at org.codehaus.groovy.tools.GroovyStarter.rootLoader(GroovyStarter.java:109)
	at org.codehaus.groovy.tools.GroovyStarter.main(GroovyStarter.java:131)
)

2018-11-14 14:03:49 - [TEST_STEP][PASSED] - click: Object: 'Object Repository/ASMV3/Order/OpenWerkorder' is clicked on

2018-11-14 14:03:49 - [MESSAGE][PASSED] - Object: 'Object Repository/ASMV3/Order/OpenWerkorder' is clicked on

2018-11-14 14:03:49 - [TEST_STEP][PASSED] - delay: Delayed 3 second(s)

2018-11-14 14:03:52 - [MESSAGE][PASSED] - Delayed 3 second(s)

2018-11-14 14:03:52 - [TEST_STEP][PASSED] - click: Object: 'Object Repository/ASMV3/Order/StartWerkorder' is clicked on

2018-11-14 14:03:52 - [MESSAGE][PASSED] - Object: 'Object Repository/ASMV3/Order/StartWerkorder' is clicked on

2018-11-14 14:03:52 - [TEST_STEP][PASSED] - delay: Delayed 3 second(s)

2018-11-14 14:03:55 - [MESSAGE][PASSED] - Delayed 3 second(s)

2018-11-14 14:03:55 - [TEST_STEP][PASSED] - click: Object: 'Object Repository/ASMV3/Order/WizardSteps/wizardStep_Material' is clicked on

2018-11-14 14:03:56 - [MESSAGE][PASSED] - Object: 'Object Repository/ASMV3/Order/WizardSteps/wizardStep_Material' is clicked on

2018-11-14 14:03:56 - [TEST_STEP][PASSED] - delay: Delayed 3 second(s)

2018-11-14 14:03:59 - [MESSAGE][PASSED] - Delayed 3 second(s)

2018-11-14 14:03:59 - [TEST_STEP][PASSED] - click: Object: 'Object Repository/ASMV3/Order/Material/button_Busvoorraad' is clicked on

2018-11-14 14:03:59 - [MESSAGE][PASSED] - Object: 'Object Repository/ASMV3/Order/Material/button_Busvoorraad' is clicked on

2018-11-14 14:03:59 - [TEST_STEP][PASSED] - delay: Delayed 3 second(s)

2018-11-14 14:04:02 - [MESSAGE][PASSED] - Delayed 3 second(s)

2018-11-14 14:04:02 - [TEST_STEP][PASSED] - click: Object: 'Object Repository/ASMV3/Order/Material/button_DialogBusvoorraadSluiten' is clicked on

2018-11-14 14:04:02 - [MESSAGE][PASSED] - Object: 'Object Repository/ASMV3/Order/Material/button_DialogBusvoorraadSluiten' is clicked on

2018-11-14 14:04:02 - [TEST_STEP][PASSED] - delay: Delayed 3 second(s)

2018-11-14 14:04:05 - [MESSAGE][PASSED] - Delayed 3 second(s)

2018-11-14 14:04:05 - [TEST_STEP][PASSED] - click: Object: 'Object Repository/ASMV3/Order/Material/button_Besteld' is clicked on

2018-11-14 14:04:05 - [MESSAGE][PASSED] - Object: 'Object Repository/ASMV3/Order/Material/button_Besteld' is clicked on

2018-11-14 14:04:05 - [TEST_STEP][PASSED] - delay: Delayed 3 second(s)

2018-11-14 14:04:08 - [MESSAGE][PASSED] - Delayed 3 second(s)

2018-11-14 14:04:08 - [TEST_STEP][PASSED] - click: Object: 'Object Repository/ASMV3/Order/Material/button_DialogBesteldSluiten' is clicked on

2018-11-14 14:04:08 - [MESSAGE][PASSED] - Object: 'Object Repository/ASMV3/Order/Material/button_DialogBesteldSluiten' is clicked on

2018-11-14 14:04:08 - [TEST_STEP][PASSED] - delay: Delayed 3 second(s)

2018-11-14 14:04:11 - [MESSAGE][PASSED] - Delayed 3 second(s)

2018-11-14 14:04:11 - [TEST_STEP][PASSED] - click: Object: 'Object Repository/ASMV3/Order/Material/button_ProjectMateriaal' is clicked on

2018-11-14 14:04:11 - [MESSAGE][PASSED] - Object: 'Object Repository/ASMV3/Order/Material/button_ProjectMateriaal' is clicked on

2018-11-14 14:04:11 - [TEST_STEP][PASSED] - delay: Delayed 3 second(s)

2018-11-14 14:04:14 - [MESSAGE][PASSED] - Delayed 3 second(s)

2018-11-14 14:04:14 - [TEST_STEP][PASSED] - waitForElementPresent: Object 'Object Repository/ASMV3/Order/Material/WaitForDialogProjectMateriaal' is present

2018-11-14 14:04:14 - [MESSAGE][PASSED] - Object 'Object Repository/ASMV3/Order/Material/WaitForDialogProjectMateriaal' is present

2018-11-14 14:04:14 - [TEST_STEP][PASSED] - delay: Delayed 3 second(s)

2018-11-14 14:04:17 - [MESSAGE][PASSED] - Delayed 3 second(s)

2018-11-14 14:04:17 - [TEST_STEP][FAILED] - setText: Unable to set text '6000 meter verlengsnoer E-Bike goed voor 4 km fietsen' of object 'Object Repository/ASMV3/Order/Material/input_ProjectMateriaalRegel' (Root cause: com.kms.katalon.core.webui.exception.WebElementNotFoundException: Web element with id: 'Object Repository/ASMV3/Order/Material/input_ProjectMateriaalRegel' located by 'By.xpath: //input[@type = 'text	' and @data-bind = 'value: value, enable: enable, attr: attr' and @class = 'form-control']' not found)

2018-11-14 14:04:23 - [MESSAGE][FAILED] - Unable to set text '6000 meter verlengsnoer E-Bike goed voor 4 km fietsen' of object 'Object Repository/ASMV3/Order/Material/input_ProjectMateriaalRegel' (Root cause: com.kms.katalon.core.webui.exception.WebElementNotFoundException: Web element with id: 'Object Repository/ASMV3/Order/Material/input_ProjectMateriaalRegel' located by 'By.xpath: //input[@type = 'text	' and @data-bind = 'value: value, enable: enable, attr: attr' and @class = 'form-control']' not found)
[[ATTACHMENT|C:\\Users\\ekroes\\git\\AppsTests\\Reports\\ASMV3 Test Suite\\20181114_140337\\1542200663444.png]]]]></system-out>
         <system-err><![CDATA[2018-11-14 14:03:49 - [TEST_CASE][FAILED] - Test Cases/ASMV3/WerkorderOppakken: Test Cases/ASMV3/WerkorderOppakken FAILED because (of) (Stack trace: com.kms.katalon.core.exception.StepFailedException: Unable to set text '6000 meter verlengsnoer E-Bike goed voor 4 km fietsen' of object 'Object Repository/ASMV3/Order/Material/input_ProjectMateriaalRegel' (Root cause: com.kms.katalon.core.webui.exception.WebElementNotFoundException: Web element with id: 'Object Repository/ASMV3/Order/Material/input_ProjectMateriaalRegel' located by 'By.xpath: //input[@type = 'text	' and @data-bind = 'value: value, enable: enable, attr: attr' and @class = 'form-control']' not found)
	at com.kms.katalon.core.keyword.internal.KeywordMain.stepFailed(KeywordMain.groovy:36)
	at com.kms.katalon.core.webui.keyword.internal.WebUIKeywordMain.stepFailed(WebUIKeywordMain.groovy:65)
	at com.kms.katalon.core.webui.keyword.internal.WebUIKeywordMain.runKeyword(WebUIKeywordMain.groovy:27)
	at com.kms.katalon.core.webui.keyword.builtin.SetTextKeyword.setText(SetTextKeyword.groovy:65)
	at com.kms.katalon.core.webui.keyword.builtin.SetTextKeyword.execute(SetTextKeyword.groovy:37)
	at com.kms.katalon.core.keyword.internal.KeywordExecutor.executeKeywordForPlatform(KeywordExecutor.groovy:53)
	at com.kms.katalon.core.webui.keyword.WebUiBuiltInKeywords.setText(WebUiBuiltInKeywords.groovy:950)
	at com.kms.katalon.core.webui.keyword.WebUiBuiltInKeywords$setText$1.call(Unknown Source)
	at org.codehaus.groovy.runtime.callsite.CallSiteArray.defaultCall(CallSiteArray.java:48)
	at org.codehaus.groovy.runtime.callsite.AbstractCallSite.call(AbstractCallSite.java:113)
	at org.codehaus.groovy.runtime.callsite.AbstractCallSite.call(AbstractCallSite.java:133)
	at Script1542191612259.run(Script1542191612259.groovy:52)
	at com.kms.katalon.core.main.ScriptEngine.run(ScriptEngine.java:183)
	at com.kms.katalon.core.main.ScriptEngine.runScriptAsRawText(ScriptEngine.java:108)
	at com.kms.katalon.core.main.TestCaseExecutor.runScript(TestCaseExecutor.java:294)
	at com.kms.katalon.core.main.TestCaseExecutor.doExecute(TestCaseExecutor.java:285)
	at com.kms.katalon.core.main.TestCaseExecutor.processExecutionPhase(TestCaseExecutor.java:264)
	at com.kms.katalon.core.main.TestCaseExecutor.accessMainPhase(TestCaseExecutor.java:256)
	at com.kms.katalon.core.main.TestCaseExecutor.execute(TestCaseExecutor.java:200)
	at com.kms.katalon.core.main.TestSuiteExecutor.accessTestCaseMainPhase(TestSuiteExecutor.java:129)
	at com.kms.katalon.core.main.TestSuiteExecutor.accessTestSuiteMainPhase(TestSuiteExecutor.java:112)
	at com.kms.katalon.core.main.TestSuiteExecutor.execute(TestSuiteExecutor.java:81)
	at com.kms.katalon.core.main.TestCaseMain.startTestSuite(TestCaseMain.java:142)
	at com.kms.katalon.core.main.TestCaseMain$startTestSuite$0.call(Unknown Source)
	at org.codehaus.groovy.runtime.callsite.CallSiteArray.defaultCall(CallSiteArray.java:48)
	at org.codehaus.groovy.runtime.callsite.AbstractCallSite.call(AbstractCallSite.java:113)
	at org.codehaus.groovy.runtime.callsite.AbstractCallSite.call(AbstractCallSite.java:141)
	at TempTestSuite1542200617388.run(TempTestSuite1542200617388.groovy:36)
	at groovy.lang.GroovyShell.runScriptOrMainOrTestOrRunnable(GroovyShell.java:263)
	at groovy.lang.GroovyShell.run(GroovyShell.java:518)
	at groovy.lang.GroovyShell.run(GroovyShell.java:507)
	at groovy.ui.GroovyMain.processOnce(GroovyMain.java:653)
	at groovy.ui.GroovyMain.run(GroovyMain.java:384)
	at groovy.ui.GroovyMain.process(GroovyMain.java:370)
	at groovy.ui.GroovyMain.processArgs(GroovyMain.java:129)
	at groovy.ui.GroovyMain.main(GroovyMain.java:109)
	at sun.reflect.NativeMethodAccessorImpl.invoke0(Native Method)
	at sun.reflect.NativeMethodAccessorImpl.invoke(NativeMethodAccessorImpl.java:62)
	at sun.reflect.DelegatingMethodAccessorImpl.invoke(DelegatingMethodAccessorImpl.java:43)
	at java.lang.reflect.Method.invoke(Method.java:498)
	at org.codehaus.groovy.tools.GroovyStarter.rootLoader(GroovyStarter.java:109)
	at org.codehaus.groovy.tools.GroovyStarter.main(GroovyStarter.java:131)
)]]></system-err>
      </testcase>
      <system-out><![CDATA[2018-11-14 14:03:38 - [TEST_SUITE][FAILED] - ASMV3 Test Suite: Test Cases/ASMV3/WerkorderOppakken FAILED because (of) (Stack trace: com.kms.katalon.core.exception.StepFailedException: Unable to set text '6000 meter verlengsnoer E-Bike goed voor 4 km fietsen' of object 'Object Repository/ASMV3/Order/Material/input_ProjectMateriaalRegel' (Root cause: com.kms.katalon.core.webui.exception.WebElementNotFoundException: Web element with id: 'Object Repository/ASMV3/Order/Material/input_ProjectMateriaalRegel' located by 'By.xpath: //input[@type = 'text	' and @data-bind = 'value: value, enable: enable, attr: attr' and @class = 'form-control']' not found)
	at com.kms.katalon.core.keyword.internal.KeywordMain.stepFailed(KeywordMain.groovy:36)
	at com.kms.katalon.core.webui.keyword.internal.WebUIKeywordMain.stepFailed(WebUIKeywordMain.groovy:65)
	at com.kms.katalon.core.webui.keyword.internal.WebUIKeywordMain.runKeyword(WebUIKeywordMain.groovy:27)
	at com.kms.katalon.core.webui.keyword.builtin.SetTextKeyword.setText(SetTextKeyword.groovy:65)
	at com.kms.katalon.core.webui.keyword.builtin.SetTextKeyword.execute(SetTextKeyword.groovy:37)
	at com.kms.katalon.core.keyword.internal.KeywordExecutor.executeKeywordForPlatform(KeywordExecutor.groovy:53)
	at com.kms.katalon.core.webui.keyword.WebUiBuiltInKeywords.setText(WebUiBuiltInKeywords.groovy:950)
	at com.kms.katalon.core.webui.keyword.WebUiBuiltInKeywords$setText$1.call(Unknown Source)
	at org.codehaus.groovy.runtime.callsite.CallSiteArray.defaultCall(CallSiteArray.java:48)
	at org.codehaus.groovy.runtime.callsite.AbstractCallSite.call(AbstractCallSite.java:113)
	at org.codehaus.groovy.runtime.callsite.AbstractCallSite.call(AbstractCallSite.java:133)
	at Script1542191612259.run(Script1542191612259.groovy:52)
	at com.kms.katalon.core.main.ScriptEngine.run(ScriptEngine.java:183)
	at com.kms.katalon.core.main.ScriptEngine.runScriptAsRawText(ScriptEngine.java:108)
	at com.kms.katalon.core.main.TestCaseExecutor.runScript(TestCaseExecutor.java:294)
	at com.kms.katalon.core.main.TestCaseExecutor.doExecute(TestCaseExecutor.java:285)
	at com.kms.katalon.core.main.TestCaseExecutor.processExecutionPhase(TestCaseExecutor.java:264)
	at com.kms.katalon.core.main.TestCaseExecutor.accessMainPhase(TestCaseExecutor.java:256)
	at com.kms.katalon.core.main.TestCaseExecutor.execute(TestCaseExecutor.java:200)
	at com.kms.katalon.core.main.TestSuiteExecutor.accessTestCaseMainPhase(TestSuiteExecutor.java:129)
	at com.kms.katalon.core.main.TestSuiteExecutor.accessTestSuiteMainPhase(TestSuiteExecutor.java:112)
	at com.kms.katalon.core.main.TestSuiteExecutor.execute(TestSuiteExecutor.java:81)
	at com.kms.katalon.core.main.TestCaseMain.startTestSuite(TestCaseMain.java:142)
	at com.kms.katalon.core.main.TestCaseMain$startTestSuite$0.call(Unknown Source)
	at org.codehaus.groovy.runtime.callsite.CallSiteArray.defaultCall(CallSiteArray.java:48)
	at org.codehaus.groovy.runtime.callsite.AbstractCallSite.call(AbstractCallSite.java:113)
	at org.codehaus.groovy.runtime.callsite.AbstractCallSite.call(AbstractCallSite.java:141)
	at TempTestSuite1542200617388.run(TempTestSuite1542200617388.groovy:36)
	at groovy.lang.GroovyShell.runScriptOrMainOrTestOrRunnable(GroovyShell.java:263)
	at groovy.lang.GroovyShell.run(GroovyShell.java:518)
	at groovy.lang.GroovyShell.run(GroovyShell.java:507)
	at groovy.ui.GroovyMain.processOnce(GroovyMain.java:653)
	at groovy.ui.GroovyMain.run(GroovyMain.java:384)
	at groovy.ui.GroovyMain.process(GroovyMain.java:370)
	at groovy.ui.GroovyMain.processArgs(GroovyMain.java:129)
	at groovy.ui.GroovyMain.main(GroovyMain.java:109)
	at sun.reflect.NativeMethodAccessorImpl.invoke0(Native Method)
	at sun.reflect.NativeMethodAccessorImpl.invoke(NativeMethodAccessorImpl.java:62)
	at sun.reflect.DelegatingMethodAccessorImpl.invoke(DelegatingMethodAccessorImpl.java:43)
	at java.lang.reflect.Method.invoke(Method.java:498)
	at org.codehaus.groovy.tools.GroovyStarter.rootLoader(GroovyStarter.java:109)
	at org.codehaus.groovy.tools.GroovyStarter.main(GroovyStarter.java:131)
)]]></system-out>
      <system-err><![CDATA[2018-11-14 14:03:38 - [TEST_SUITE][FAILED] - ASMV3 Test Suite: Test Cases/ASMV3/WerkorderOppakken FAILED because (of) (Stack trace: com.kms.katalon.core.exception.StepFailedException: Unable to set text '6000 meter verlengsnoer E-Bike goed voor 4 km fietsen' of object 'Object Repository/ASMV3/Order/Material/input_ProjectMateriaalRegel' (Root cause: com.kms.katalon.core.webui.exception.WebElementNotFoundException: Web element with id: 'Object Repository/ASMV3/Order/Material/input_ProjectMateriaalRegel' located by 'By.xpath: //input[@type = 'text	' and @data-bind = 'value: value, enable: enable, attr: attr' and @class = 'form-control']' not found)
	at com.kms.katalon.core.keyword.internal.KeywordMain.stepFailed(KeywordMain.groovy:36)
	at com.kms.katalon.core.webui.keyword.internal.WebUIKeywordMain.stepFailed(WebUIKeywordMain.groovy:65)
	at com.kms.katalon.core.webui.keyword.internal.WebUIKeywordMain.runKeyword(WebUIKeywordMain.groovy:27)
	at com.kms.katalon.core.webui.keyword.builtin.SetTextKeyword.setText(SetTextKeyword.groovy:65)
	at com.kms.katalon.core.webui.keyword.builtin.SetTextKeyword.execute(SetTextKeyword.groovy:37)
	at com.kms.katalon.core.keyword.internal.KeywordExecutor.executeKeywordForPlatform(KeywordExecutor.groovy:53)
	at com.kms.katalon.core.webui.keyword.WebUiBuiltInKeywords.setText(WebUiBuiltInKeywords.groovy:950)
	at com.kms.katalon.core.webui.keyword.WebUiBuiltInKeywords$setText$1.call(Unknown Source)
	at org.codehaus.groovy.runtime.callsite.CallSiteArray.defaultCall(CallSiteArray.java:48)
	at org.codehaus.groovy.runtime.callsite.AbstractCallSite.call(AbstractCallSite.java:113)
	at org.codehaus.groovy.runtime.callsite.AbstractCallSite.call(AbstractCallSite.java:133)
	at Script1542191612259.run(Script1542191612259.groovy:52)
	at com.kms.katalon.core.main.ScriptEngine.run(ScriptEngine.java:183)
	at com.kms.katalon.core.main.ScriptEngine.runScriptAsRawText(ScriptEngine.java:108)
	at com.kms.katalon.core.main.TestCaseExecutor.runScript(TestCaseExecutor.java:294)
	at com.kms.katalon.core.main.TestCaseExecutor.doExecute(TestCaseExecutor.java:285)
	at com.kms.katalon.core.main.TestCaseExecutor.processExecutionPhase(TestCaseExecutor.java:264)
	at com.kms.katalon.core.main.TestCaseExecutor.accessMainPhase(TestCaseExecutor.java:256)
	at com.kms.katalon.core.main.TestCaseExecutor.execute(TestCaseExecutor.java:200)
	at com.kms.katalon.core.main.TestSuiteExecutor.accessTestCaseMainPhase(TestSuiteExecutor.java:129)
	at com.kms.katalon.core.main.TestSuiteExecutor.accessTestSuiteMainPhase(TestSuiteExecutor.java:112)
	at com.kms.katalon.core.main.TestSuiteExecutor.execute(TestSuiteExecutor.java:81)
	at com.kms.katalon.core.main.TestCaseMain.startTestSuite(TestCaseMain.java:142)
	at com.kms.katalon.core.main.TestCaseMain$startTestSuite$0.call(Unknown Source)
	at org.codehaus.groovy.runtime.callsite.CallSiteArray.defaultCall(CallSiteArray.java:48)
	at org.codehaus.groovy.runtime.callsite.AbstractCallSite.call(AbstractCallSite.java:113)
	at org.codehaus.groovy.runtime.callsite.AbstractCallSite.call(AbstractCallSite.java:141)
	at TempTestSuite1542200617388.run(TempTestSuite1542200617388.groovy:36)
	at groovy.lang.GroovyShell.runScriptOrMainOrTestOrRunnable(GroovyShell.java:263)
	at groovy.lang.GroovyShell.run(GroovyShell.java:518)
	at groovy.lang.GroovyShell.run(GroovyShell.java:507)
	at groovy.ui.GroovyMain.processOnce(GroovyMain.java:653)
	at groovy.ui.GroovyMain.run(GroovyMain.java:384)
	at groovy.ui.GroovyMain.process(GroovyMain.java:370)
	at groovy.ui.GroovyMain.processArgs(GroovyMain.java:129)
	at groovy.ui.GroovyMain.main(GroovyMain.java:109)
	at sun.reflect.NativeMethodAccessorImpl.invoke0(Native Method)
	at sun.reflect.NativeMethodAccessorImpl.invoke(NativeMethodAccessorImpl.java:62)
	at sun.reflect.DelegatingMethodAccessorImpl.invoke(DelegatingMethodAccessorImpl.java:43)
	at java.lang.reflect.Method.invoke(Method.java:498)
	at org.codehaus.groovy.tools.GroovyStarter.rootLoader(GroovyStarter.java:109)
	at org.codehaus.groovy.tools.GroovyStarter.main(GroovyStarter.java:131)
)]]></system-err>
   </testsuite>
</testsuites>
