<?xml version="1.0" encoding="UTF-8"?>
<testsuites name="ASMV3 Test Suite" time="75" tests="2" failures="1" errors="0">
   <testsuite name="ASMV3 Test Suite" tests="2" failures="1" errors="0" time="75" timestamp="2018-11-14 16:15:24" hostname="ekroes - ltekroes.acto.nl" id="Test Suites/ASMV3 Test Suite">
      <properties>
         <property name="deviceName" value=""/>
         <property name="devicePlatform" value=""/>
         <property name="logFolder" value="C:\\Users\\ekroes\\git\\AppsTests\\Reports\\ASMV3 Test Suite\\20181114_161523"/>
         <property name="logFiles" value="C:\\Users\\ekroes\\git\\AppsTests\\Reports\\ASMV3 Test Suite\\20181114_161523\\execution0.log"/>
         <property name="attachments" value="C:\\Users\\ekroes\\git\\AppsTests\\Reports\\ASMV3 Test Suite\\20181114_161523\\1542208530338.png, C:\\Users\\ekroes\\git\\AppsTests\\Reports\\ASMV3 Test Suite\\20181114_161523\\1542208599122.png"/>
         <property name="hostName" value="ekroes - ltekroes.acto.nl"/>
         <property name="os" value="Windows 10 64bit"/>
         <property name="katalonVersion" value="5.8.0.1"/>
         <property name="browser" value="Chrome 70.0.3538.102"/>
         <property name="hostAddress" value="10.146.8.12"/>
         <property name="sessionId" value="d440e7ae34ad5e68d06144f592b76215"/>
         <property name="seleniumVersion" value="3.7.1"/>
         <property name="proxyInformation" value="ProxyInformation{proxyOption=USE_SYSTEM, proxyServerType=HTTP, password=, proxyServerAddress=, proxyServerPort=0}"/>
         <property name="platform" value="Windows 10"/>
      </properties>
      <testcase name="Test Cases/Algemeen/LoginLocalhost" classname="Test Cases/Algemeen/LoginLocalhost" status="PASSED">
         <system-out><![CDATA[2018-11-14 16:15:25 - [TEST_CASE][PASSED] - Test Cases/Algemeen/LoginLocalhost: Test Cases/Algemeen/LoginLocalhost

2018-11-14 16:15:25 - [TEST_STEP][PASSED] - openBrowser: Browser is opened with url: ''

2018-11-14 16:15:28 - [MESSAGE][PASSED] - Browser is opened with url: ''

2018-11-14 16:15:28 - [TEST_STEP][PASSED] - navigateToUrl: Navigate to 'http://localhost/dev/Account/Account/Login.aspx' successfully

2018-11-14 16:15:28 - [MESSAGE][PASSED] - Navigate to 'http://localhost/dev/Account/Account/Login.aspx' successfully

2018-11-14 16:15:28 - [TEST_STEP][PASSED] - setText: Text 'ekroes' is set on object 'Object Repository/LoginPagina/input-Username'

2018-11-14 16:15:28 - [MESSAGE][PASSED] - Text 'ekroes' is set on object 'Object Repository/LoginPagina/input-Username'

2018-11-14 16:15:28 - [TEST_STEP][PASSED] - setText: Text 'Varkenskut_hoera123' is set on object 'Object Repository/LoginPagina/input-Password'

2018-11-14 16:15:29 - [MESSAGE][PASSED] - Text 'Varkenskut_hoera123' is set on object 'Object Repository/LoginPagina/input-Password'

2018-11-14 16:15:29 - [TEST_STEP][PASSED] - click: Object: 'Object Repository/LoginPagina/input_LoginButton' is clicked on

2018-11-14 16:15:29 - [MESSAGE][PASSED] - Object: 'Object Repository/LoginPagina/input_LoginButton' is clicked on

2018-11-14 16:15:29 - [TEST_STEP][PASSED] - waitForElementPresent: Object 'Object Repository/Home/HomeAppTileContainer' is present

2018-11-14 16:15:30 - [MESSAGE][PASSED] - Object 'Object Repository/Home/HomeAppTileContainer' is present

2018-11-14 16:15:30 - [TEST_STEP][PASSED] - Statement - assert true: null]]></system-out>
         <system-err><![CDATA[]]></system-err>
      </testcase>
      <testcase name="Test Cases/ASMV3/HomeIndex" classname="Test Cases/ASMV3/HomeIndex" status="PASSED">
         <system-out><![CDATA[2018-11-14 16:15:30 - [TEST_CASE][PASSED] - Test Cases/ASMV3/HomeIndex: Test Cases/ASMV3/HomeIndex

2018-11-14 16:15:30 - [TEST_STEP][PASSED] - click: Object: 'Object Repository/ASMV3/Home/AsmAppTile' is clicked on

2018-11-14 16:15:30 - [MESSAGE][PASSED] - Object: 'Object Repository/ASMV3/Home/AsmAppTile' is clicked on

2018-11-14 16:15:30 - [TEST_STEP][PASSED] - takeScreenshot: Taking screenshot successfully

2018-11-14 16:15:30 - [MESSAGE][PASSED] - Taking screenshot successfully
[[ATTACHMENT|C:\\Users\\ekroes\\git\\AppsTests\\Reports\\ASMV3 Test Suite\\20181114_161523\\1542208530338.png]]

2018-11-14 16:15:30 - [TEST_STEP][PASSED] - waitForElementPresent: Object 'Object Repository/ASMV3/Home/HomeIndex' is present

2018-11-14 16:15:30 - [MESSAGE][PASSED] - Object 'Object Repository/ASMV3/Home/HomeIndex' is present

2018-11-14 16:15:30 - [TEST_STEP][PASSED] - Statement - assert true: null

2018-11-14 16:15:30 - [TEST_STEP][PASSED] - delay: Delayed 5 second(s)

2018-11-14 16:15:35 - [MESSAGE][PASSED] - Delayed 5 second(s)]]></system-out>
         <system-err><![CDATA[]]></system-err>
      </testcase>
      <testcase name="Test Cases/ASMV3/WerkorderOppakken" classname="Test Cases/ASMV3/WerkorderOppakken" status="FAILED">
         <failure type="FAILED" message="(Stack trace: com.kms.katalon.core.exception.StepFailedException: Unable to click on object 'Object Repository/ASMV3/Order/ParkeerWerkorder' (Root cause: com.kms.katalon.core.webui.exception.WebElementNotFoundException: Web element with id: 'Object Repository/ASMV3/Order/ParkeerWerkorder' located by 'By.xpath: //button[@data-test-id = 'app-bar-function-parkeer-werkorder' and @type = 'button' and (text() = 'Parkeer werkorder' or . = 'Parkeer werkorder') and @class = 'btn btn-primary navbar-btn']' not found)
	at com.kms.katalon.core.keyword.internal.KeywordMain.stepFailed(KeywordMain.groovy:36)
	at com.kms.katalon.core.webui.keyword.internal.WebUIKeywordMain.stepFailed(WebUIKeywordMain.groovy:65)
	at com.kms.katalon.core.webui.keyword.internal.WebUIKeywordMain.runKeyword(WebUIKeywordMain.groovy:27)
	at com.kms.katalon.core.webui.keyword.builtin.ClickKeyword.click(ClickKeyword.groovy:86)
	at com.kms.katalon.core.webui.keyword.builtin.ClickKeyword.execute(ClickKeyword.groovy:67)
	at com.kms.katalon.core.keyword.internal.KeywordExecutor.executeKeywordForPlatform(KeywordExecutor.groovy:53)
	at com.kms.katalon.core.webui.keyword.WebUiBuiltInKeywords.click(WebUiBuiltInKeywords.groovy:616)
	at com.kms.katalon.core.webui.keyword.WebUiBuiltInKeywords$click$2.call(Unknown Source)
	at org.codehaus.groovy.runtime.callsite.CallSiteArray.defaultCall(CallSiteArray.java:48)
	at org.codehaus.groovy.runtime.callsite.AbstractCallSite.call(AbstractCallSite.java:113)
	at org.codehaus.groovy.runtime.callsite.AbstractCallSite.call(AbstractCallSite.java:125)
	at Script1542191612259.run(Script1542191612259.groovy:84)
	at com.kms.katalon.core.main.ScriptEngine.run(ScriptEngine.java:183)
	at com.kms.katalon.core.main.ScriptEngine.runScriptAsRawText(ScriptEngine.java:108)
	at com.kms.katalon.core.main.TestCaseExecutor.runScript(TestCaseExecutor.java:294)
	at com.kms.katalon.core.main.TestCaseExecutor.doExecute(TestCaseExecutor.java:285)
	at com.kms.katalon.core.main.TestCaseExecutor.processExecutionPhase(TestCaseExecutor.java:264)
	at com.kms.katalon.core.main.TestCaseExecutor.accessMainPhase(TestCaseExecutor.java:256)
	at com.kms.katalon.core.main.TestCaseExecutor.execute(TestCaseExecutor.java:200)
	at com.kms.katalon.core.main.TestSuiteExecutor.accessTestCaseMainPhase(TestSuiteExecutor.java:129)
	at com.kms.katalon.core.main.TestSuiteExecutor.accessTestSuiteMainPhase(TestSuiteExecutor.java:112)
	at com.kms.katalon.core.main.TestSuiteExecutor.execute(TestSuiteExecutor.java:81)
	at com.kms.katalon.core.main.TestCaseMain.startTestSuite(TestCaseMain.java:142)
	at com.kms.katalon.core.main.TestCaseMain$startTestSuite$0.call(Unknown Source)
	at org.codehaus.groovy.runtime.callsite.CallSiteArray.defaultCall(CallSiteArray.java:48)
	at org.codehaus.groovy.runtime.callsite.AbstractCallSite.call(AbstractCallSite.java:113)
	at org.codehaus.groovy.runtime.callsite.AbstractCallSite.call(AbstractCallSite.java:141)
	at TempTestSuite1542208523577.run(TempTestSuite1542208523577.groovy:36)
	at groovy.lang.GroovyShell.runScriptOrMainOrTestOrRunnable(GroovyShell.java:263)
	at groovy.lang.GroovyShell.run(GroovyShell.java:518)
	at groovy.lang.GroovyShell.run(GroovyShell.java:507)
	at groovy.ui.GroovyMain.processOnce(GroovyMain.java:653)
	at groovy.ui.GroovyMain.run(GroovyMain.java:384)
	at groovy.ui.GroovyMain.process(GroovyMain.java:370)
	at groovy.ui.GroovyMain.processArgs(GroovyMain.java:129)
	at groovy.ui.GroovyMain.main(GroovyMain.java:109)
	at sun.reflect.NativeMethodAccessorImpl.invoke0(Native Method)
	at sun.reflect.NativeMethodAccessorImpl.invoke(NativeMethodAccessorImpl.java:62)
	at sun.reflect.DelegatingMethodAccessorImpl.invoke(DelegatingMethodAccessorImpl.java:43)
	at java.lang.reflect.Method.invoke(Method.java:498)
	at org.codehaus.groovy.tools.GroovyStarter.rootLoader(GroovyStarter.java:109)
	at org.codehaus.groovy.tools.GroovyStarter.main(GroovyStarter.java:131)
)"/>
         <system-out><![CDATA[2018-11-14 16:15:35 - [TEST_CASE][FAILED] - Test Cases/ASMV3/WerkorderOppakken: Test Cases/ASMV3/WerkorderOppakken FAILED because (of) (Stack trace: com.kms.katalon.core.exception.StepFailedException: Unable to click on object 'Object Repository/ASMV3/Order/ParkeerWerkorder' (Root cause: com.kms.katalon.core.webui.exception.WebElementNotFoundException: Web element with id: 'Object Repository/ASMV3/Order/ParkeerWerkorder' located by 'By.xpath: //button[@data-test-id = 'app-bar-function-parkeer-werkorder' and @type = 'button' and (text() = 'Parkeer werkorder' or . = 'Parkeer werkorder') and @class = 'btn btn-primary navbar-btn']' not found)
	at com.kms.katalon.core.keyword.internal.KeywordMain.stepFailed(KeywordMain.groovy:36)
	at com.kms.katalon.core.webui.keyword.internal.WebUIKeywordMain.stepFailed(WebUIKeywordMain.groovy:65)
	at com.kms.katalon.core.webui.keyword.internal.WebUIKeywordMain.runKeyword(WebUIKeywordMain.groovy:27)
	at com.kms.katalon.core.webui.keyword.builtin.ClickKeyword.click(ClickKeyword.groovy:86)
	at com.kms.katalon.core.webui.keyword.builtin.ClickKeyword.execute(ClickKeyword.groovy:67)
	at com.kms.katalon.core.keyword.internal.KeywordExecutor.executeKeywordForPlatform(KeywordExecutor.groovy:53)
	at com.kms.katalon.core.webui.keyword.WebUiBuiltInKeywords.click(WebUiBuiltInKeywords.groovy:616)
	at com.kms.katalon.core.webui.keyword.WebUiBuiltInKeywords$click$2.call(Unknown Source)
	at org.codehaus.groovy.runtime.callsite.CallSiteArray.defaultCall(CallSiteArray.java:48)
	at org.codehaus.groovy.runtime.callsite.AbstractCallSite.call(AbstractCallSite.java:113)
	at org.codehaus.groovy.runtime.callsite.AbstractCallSite.call(AbstractCallSite.java:125)
	at Script1542191612259.run(Script1542191612259.groovy:84)
	at com.kms.katalon.core.main.ScriptEngine.run(ScriptEngine.java:183)
	at com.kms.katalon.core.main.ScriptEngine.runScriptAsRawText(ScriptEngine.java:108)
	at com.kms.katalon.core.main.TestCaseExecutor.runScript(TestCaseExecutor.java:294)
	at com.kms.katalon.core.main.TestCaseExecutor.doExecute(TestCaseExecutor.java:285)
	at com.kms.katalon.core.main.TestCaseExecutor.processExecutionPhase(TestCaseExecutor.java:264)
	at com.kms.katalon.core.main.TestCaseExecutor.accessMainPhase(TestCaseExecutor.java:256)
	at com.kms.katalon.core.main.TestCaseExecutor.execute(TestCaseExecutor.java:200)
	at com.kms.katalon.core.main.TestSuiteExecutor.accessTestCaseMainPhase(TestSuiteExecutor.java:129)
	at com.kms.katalon.core.main.TestSuiteExecutor.accessTestSuiteMainPhase(TestSuiteExecutor.java:112)
	at com.kms.katalon.core.main.TestSuiteExecutor.execute(TestSuiteExecutor.java:81)
	at com.kms.katalon.core.main.TestCaseMain.startTestSuite(TestCaseMain.java:142)
	at com.kms.katalon.core.main.TestCaseMain$startTestSuite$0.call(Unknown Source)
	at org.codehaus.groovy.runtime.callsite.CallSiteArray.defaultCall(CallSiteArray.java:48)
	at org.codehaus.groovy.runtime.callsite.AbstractCallSite.call(AbstractCallSite.java:113)
	at org.codehaus.groovy.runtime.callsite.AbstractCallSite.call(AbstractCallSite.java:141)
	at TempTestSuite1542208523577.run(TempTestSuite1542208523577.groovy:36)
	at groovy.lang.GroovyShell.runScriptOrMainOrTestOrRunnable(GroovyShell.java:263)
	at groovy.lang.GroovyShell.run(GroovyShell.java:518)
	at groovy.lang.GroovyShell.run(GroovyShell.java:507)
	at groovy.ui.GroovyMain.processOnce(GroovyMain.java:653)
	at groovy.ui.GroovyMain.run(GroovyMain.java:384)
	at groovy.ui.GroovyMain.process(GroovyMain.java:370)
	at groovy.ui.GroovyMain.processArgs(GroovyMain.java:129)
	at groovy.ui.GroovyMain.main(GroovyMain.java:109)
	at sun.reflect.NativeMethodAccessorImpl.invoke0(Native Method)
	at sun.reflect.NativeMethodAccessorImpl.invoke(NativeMethodAccessorImpl.java:62)
	at sun.reflect.DelegatingMethodAccessorImpl.invoke(DelegatingMethodAccessorImpl.java:43)
	at java.lang.reflect.Method.invoke(Method.java:498)
	at org.codehaus.groovy.tools.GroovyStarter.rootLoader(GroovyStarter.java:109)
	at org.codehaus.groovy.tools.GroovyStarter.main(GroovyStarter.java:131)
)

2018-11-14 16:15:35 - [TEST_STEP][PASSED] - click: Object: 'Object Repository/ASMV3/Order/OpenWerkorder' is clicked on

2018-11-14 16:15:36 - [MESSAGE][PASSED] - Object: 'Object Repository/ASMV3/Order/OpenWerkorder' is clicked on

2018-11-14 16:15:36 - [TEST_STEP][PASSED] - delay: Delayed 3 second(s)

2018-11-14 16:15:39 - [MESSAGE][PASSED] - Delayed 3 second(s)

2018-11-14 16:15:39 - [TEST_STEP][PASSED] - click: Object: 'Object Repository/ASMV3/Order/StartWerkorder' is clicked on

2018-11-14 16:15:39 - [MESSAGE][PASSED] - Object: 'Object Repository/ASMV3/Order/StartWerkorder' is clicked on

2018-11-14 16:15:39 - [TEST_STEP][PASSED] - delay: Delayed 3 second(s)

2018-11-14 16:15:42 - [MESSAGE][PASSED] - Delayed 3 second(s)

2018-11-14 16:15:42 - [TEST_STEP][PASSED] - click: Object: 'Object Repository/ASMV3/Order/WizardSteps/wizardStep_Material' is clicked on

2018-11-14 16:15:42 - [MESSAGE][PASSED] - Object: 'Object Repository/ASMV3/Order/WizardSteps/wizardStep_Material' is clicked on

2018-11-14 16:15:42 - [TEST_STEP][PASSED] - delay: Delayed 3 second(s)

2018-11-14 16:15:45 - [MESSAGE][PASSED] - Delayed 3 second(s)

2018-11-14 16:15:45 - [TEST_STEP][PASSED] - click: Object: 'Object Repository/ASMV3/Order/Material/button_Busvoorraad' is clicked on

2018-11-14 16:15:45 - [MESSAGE][PASSED] - Object: 'Object Repository/ASMV3/Order/Material/button_Busvoorraad' is clicked on

2018-11-14 16:15:45 - [TEST_STEP][PASSED] - delay: Delayed 3 second(s)

2018-11-14 16:15:48 - [MESSAGE][PASSED] - Delayed 3 second(s)

2018-11-14 16:15:48 - [TEST_STEP][PASSED] - click: Object: 'Object Repository/ASMV3/Order/Material/button_DialogBusvoorraadSluiten' is clicked on

2018-11-14 16:15:48 - [MESSAGE][PASSED] - Object: 'Object Repository/ASMV3/Order/Material/button_DialogBusvoorraadSluiten' is clicked on

2018-11-14 16:15:48 - [TEST_STEP][PASSED] - delay: Delayed 3 second(s)

2018-11-14 16:15:51 - [MESSAGE][PASSED] - Delayed 3 second(s)

2018-11-14 16:15:51 - [TEST_STEP][PASSED] - click: Object: 'Object Repository/ASMV3/Order/Material/button_Besteld' is clicked on

2018-11-14 16:15:51 - [MESSAGE][PASSED] - Object: 'Object Repository/ASMV3/Order/Material/button_Besteld' is clicked on

2018-11-14 16:15:51 - [TEST_STEP][PASSED] - delay: Delayed 3 second(s)

2018-11-14 16:15:54 - [MESSAGE][PASSED] - Delayed 3 second(s)

2018-11-14 16:15:54 - [TEST_STEP][PASSED] - click: Object: 'Object Repository/ASMV3/Order/Material/button_DialogBesteldSluiten' is clicked on

2018-11-14 16:15:55 - [MESSAGE][PASSED] - Object: 'Object Repository/ASMV3/Order/Material/button_DialogBesteldSluiten' is clicked on

2018-11-14 16:15:55 - [TEST_STEP][PASSED] - delay: Delayed 3 second(s)

2018-11-14 16:15:58 - [MESSAGE][PASSED] - Delayed 3 second(s)

2018-11-14 16:15:58 - [TEST_STEP][PASSED] - click: Object: 'Object Repository/ASMV3/Order/Material/button_ProjectMateriaal' is clicked on

2018-11-14 16:15:58 - [MESSAGE][PASSED] - Object: 'Object Repository/ASMV3/Order/Material/button_ProjectMateriaal' is clicked on

2018-11-14 16:15:58 - [TEST_STEP][PASSED] - delay: Delayed 3 second(s)

2018-11-14 16:16:01 - [MESSAGE][PASSED] - Delayed 3 second(s)

2018-11-14 16:16:01 - [TEST_STEP][PASSED] - setText: Text '6000 meter verlengsnoer E-Bike goed voor 4 km fietsen' is set on object 'Object Repository/ASMV3/Order/Material/input_ProjectMateriaalRegel'

2018-11-14 16:16:01 - [MESSAGE][PASSED] - Text '6000 meter verlengsnoer E-Bike goed voor 4 km fietsen' is set on object 'Object Repository/ASMV3/Order/Material/input_ProjectMateriaalRegel'

2018-11-14 16:16:01 - [TEST_STEP][PASSED] - delay: Delayed 3 second(s)

2018-11-14 16:16:04 - [MESSAGE][PASSED] - Delayed 3 second(s)

2018-11-14 16:16:04 - [TEST_STEP][PASSED] - click: Object: 'Object Repository/ASMV3/Order/Material/button_ProjectMateriaalAnnuleren' is clicked on

2018-11-14 16:16:04 - [MESSAGE][PASSED] - Object: 'Object Repository/ASMV3/Order/Material/button_ProjectMateriaalAnnuleren' is clicked on

2018-11-14 16:16:04 - [TEST_STEP][PASSED] - delay: Delayed 3 second(s)

2018-11-14 16:16:07 - [MESSAGE][PASSED] - Delayed 3 second(s)

2018-11-14 16:16:07 - [TEST_STEP][PASSED] - click: Object: 'Object Repository/ASMV3/Order/Material/button_ProjectMateriaal' is clicked on

2018-11-14 16:16:07 - [MESSAGE][PASSED] - Object: 'Object Repository/ASMV3/Order/Material/button_ProjectMateriaal' is clicked on

2018-11-14 16:16:07 - [TEST_STEP][PASSED] - delay: Delayed 3 second(s)

2018-11-14 16:16:10 - [MESSAGE][PASSED] - Delayed 3 second(s)

2018-11-14 16:16:10 - [TEST_STEP][PASSED] - setText: Text '6000 meter verlengsnoer E-Bike goed voor 4 km fietsen' is set on object 'Object Repository/ASMV3/Order/Material/input_ProjectMateriaalRegel'

2018-11-14 16:16:11 - [MESSAGE][PASSED] - Text '6000 meter verlengsnoer E-Bike goed voor 4 km fietsen' is set on object 'Object Repository/ASMV3/Order/Material/input_ProjectMateriaalRegel'

2018-11-14 16:16:11 - [TEST_STEP][PASSED] - delay: Delayed 3 second(s)

2018-11-14 16:16:14 - [MESSAGE][PASSED] - Delayed 3 second(s)

2018-11-14 16:16:14 - [TEST_STEP][PASSED] - click: Object: 'Object Repository/ASMV3/Order/Material/addProjectMateriaalPlus' is clicked on

2018-11-14 16:16:14 - [MESSAGE][PASSED] - Object: 'Object Repository/ASMV3/Order/Material/addProjectMateriaalPlus' is clicked on

2018-11-14 16:16:14 - [TEST_STEP][PASSED] - delay: Delayed 3 second(s)

2018-11-14 16:16:17 - [MESSAGE][PASSED] - Delayed 3 second(s)

2018-11-14 16:16:17 - [TEST_STEP][PASSED] - click: Object: 'Object Repository/ASMV3/Order/Material/addProjectMateriaalPlus' is clicked on

2018-11-14 16:16:17 - [MESSAGE][PASSED] - Object: 'Object Repository/ASMV3/Order/Material/addProjectMateriaalPlus' is clicked on

2018-11-14 16:16:17 - [TEST_STEP][PASSED] - delay: Delayed 3 second(s)

2018-11-14 16:16:20 - [MESSAGE][PASSED] - Delayed 3 second(s)

2018-11-14 16:16:20 - [TEST_STEP][PASSED] - click: Object: 'Object Repository/ASMV3/Order/Material/addProjectMateriaalMin' is clicked on

2018-11-14 16:16:20 - [MESSAGE][PASSED] - Object: 'Object Repository/ASMV3/Order/Material/addProjectMateriaalMin' is clicked on

2018-11-14 16:16:20 - [TEST_STEP][PASSED] - delay: Delayed 3 second(s)

2018-11-14 16:16:23 - [MESSAGE][PASSED] - Delayed 3 second(s)

2018-11-14 16:16:23 - [TEST_STEP][PASSED] - click: Object: 'Object Repository/ASMV3/Order/Material/button_ProjectMateriaalOpslaan' is clicked on

2018-11-14 16:16:23 - [MESSAGE][PASSED] - Object: 'Object Repository/ASMV3/Order/Material/button_ProjectMateriaalOpslaan' is clicked on

2018-11-14 16:16:23 - [TEST_STEP][PASSED] - delay: Delayed 3 second(s)

2018-11-14 16:16:26 - [MESSAGE][PASSED] - Delayed 3 second(s)

2018-11-14 16:16:26 - [TEST_STEP][PASSED] - click: Object: 'Object Repository/ASMV3/Order/WizardSteps/wizardStep_Details' is clicked on

2018-11-14 16:16:26 - [MESSAGE][PASSED] - Object: 'Object Repository/ASMV3/Order/WizardSteps/wizardStep_Details' is clicked on

2018-11-14 16:16:26 - [TEST_STEP][PASSED] - delay: Delayed 3 second(s)

2018-11-14 16:16:29 - [MESSAGE][PASSED] - Delayed 3 second(s)

2018-11-14 16:16:29 - [TEST_STEP][FAILED] - click: Unable to click on object 'Object Repository/ASMV3/Order/ParkeerWerkorder' (Root cause: com.kms.katalon.core.webui.exception.WebElementNotFoundException: Web element with id: 'Object Repository/ASMV3/Order/ParkeerWerkorder' located by 'By.xpath: //button[@data-test-id = 'app-bar-function-parkeer-werkorder' and @type = 'button' and (text() = 'Parkeer werkorder' or . = 'Parkeer werkorder') and @class = 'btn btn-primary navbar-btn']' not found)

2018-11-14 16:16:39 - [MESSAGE][FAILED] - Unable to click on object 'Object Repository/ASMV3/Order/ParkeerWerkorder' (Root cause: com.kms.katalon.core.webui.exception.WebElementNotFoundException: Web element with id: 'Object Repository/ASMV3/Order/ParkeerWerkorder' located by 'By.xpath: //button[@data-test-id = 'app-bar-function-parkeer-werkorder' and @type = 'button' and (text() = 'Parkeer werkorder' or . = 'Parkeer werkorder') and @class = 'btn btn-primary navbar-btn']' not found)
[[ATTACHMENT|C:\\Users\\ekroes\\git\\AppsTests\\Reports\\ASMV3 Test Suite\\20181114_161523\\1542208599122.png]]]]></system-out>
         <system-err><![CDATA[2018-11-14 16:15:35 - [TEST_CASE][FAILED] - Test Cases/ASMV3/WerkorderOppakken: Test Cases/ASMV3/WerkorderOppakken FAILED because (of) (Stack trace: com.kms.katalon.core.exception.StepFailedException: Unable to click on object 'Object Repository/ASMV3/Order/ParkeerWerkorder' (Root cause: com.kms.katalon.core.webui.exception.WebElementNotFoundException: Web element with id: 'Object Repository/ASMV3/Order/ParkeerWerkorder' located by 'By.xpath: //button[@data-test-id = 'app-bar-function-parkeer-werkorder' and @type = 'button' and (text() = 'Parkeer werkorder' or . = 'Parkeer werkorder') and @class = 'btn btn-primary navbar-btn']' not found)
	at com.kms.katalon.core.keyword.internal.KeywordMain.stepFailed(KeywordMain.groovy:36)
	at com.kms.katalon.core.webui.keyword.internal.WebUIKeywordMain.stepFailed(WebUIKeywordMain.groovy:65)
	at com.kms.katalon.core.webui.keyword.internal.WebUIKeywordMain.runKeyword(WebUIKeywordMain.groovy:27)
	at com.kms.katalon.core.webui.keyword.builtin.ClickKeyword.click(ClickKeyword.groovy:86)
	at com.kms.katalon.core.webui.keyword.builtin.ClickKeyword.execute(ClickKeyword.groovy:67)
	at com.kms.katalon.core.keyword.internal.KeywordExecutor.executeKeywordForPlatform(KeywordExecutor.groovy:53)
	at com.kms.katalon.core.webui.keyword.WebUiBuiltInKeywords.click(WebUiBuiltInKeywords.groovy:616)
	at com.kms.katalon.core.webui.keyword.WebUiBuiltInKeywords$click$2.call(Unknown Source)
	at org.codehaus.groovy.runtime.callsite.CallSiteArray.defaultCall(CallSiteArray.java:48)
	at org.codehaus.groovy.runtime.callsite.AbstractCallSite.call(AbstractCallSite.java:113)
	at org.codehaus.groovy.runtime.callsite.AbstractCallSite.call(AbstractCallSite.java:125)
	at Script1542191612259.run(Script1542191612259.groovy:84)
	at com.kms.katalon.core.main.ScriptEngine.run(ScriptEngine.java:183)
	at com.kms.katalon.core.main.ScriptEngine.runScriptAsRawText(ScriptEngine.java:108)
	at com.kms.katalon.core.main.TestCaseExecutor.runScript(TestCaseExecutor.java:294)
	at com.kms.katalon.core.main.TestCaseExecutor.doExecute(TestCaseExecutor.java:285)
	at com.kms.katalon.core.main.TestCaseExecutor.processExecutionPhase(TestCaseExecutor.java:264)
	at com.kms.katalon.core.main.TestCaseExecutor.accessMainPhase(TestCaseExecutor.java:256)
	at com.kms.katalon.core.main.TestCaseExecutor.execute(TestCaseExecutor.java:200)
	at com.kms.katalon.core.main.TestSuiteExecutor.accessTestCaseMainPhase(TestSuiteExecutor.java:129)
	at com.kms.katalon.core.main.TestSuiteExecutor.accessTestSuiteMainPhase(TestSuiteExecutor.java:112)
	at com.kms.katalon.core.main.TestSuiteExecutor.execute(TestSuiteExecutor.java:81)
	at com.kms.katalon.core.main.TestCaseMain.startTestSuite(TestCaseMain.java:142)
	at com.kms.katalon.core.main.TestCaseMain$startTestSuite$0.call(Unknown Source)
	at org.codehaus.groovy.runtime.callsite.CallSiteArray.defaultCall(CallSiteArray.java:48)
	at org.codehaus.groovy.runtime.callsite.AbstractCallSite.call(AbstractCallSite.java:113)
	at org.codehaus.groovy.runtime.callsite.AbstractCallSite.call(AbstractCallSite.java:141)
	at TempTestSuite1542208523577.run(TempTestSuite1542208523577.groovy:36)
	at groovy.lang.GroovyShell.runScriptOrMainOrTestOrRunnable(GroovyShell.java:263)
	at groovy.lang.GroovyShell.run(GroovyShell.java:518)
	at groovy.lang.GroovyShell.run(GroovyShell.java:507)
	at groovy.ui.GroovyMain.processOnce(GroovyMain.java:653)
	at groovy.ui.GroovyMain.run(GroovyMain.java:384)
	at groovy.ui.GroovyMain.process(GroovyMain.java:370)
	at groovy.ui.GroovyMain.processArgs(GroovyMain.java:129)
	at groovy.ui.GroovyMain.main(GroovyMain.java:109)
	at sun.reflect.NativeMethodAccessorImpl.invoke0(Native Method)
	at sun.reflect.NativeMethodAccessorImpl.invoke(NativeMethodAccessorImpl.java:62)
	at sun.reflect.DelegatingMethodAccessorImpl.invoke(DelegatingMethodAccessorImpl.java:43)
	at java.lang.reflect.Method.invoke(Method.java:498)
	at org.codehaus.groovy.tools.GroovyStarter.rootLoader(GroovyStarter.java:109)
	at org.codehaus.groovy.tools.GroovyStarter.main(GroovyStarter.java:131)
)]]></system-err>
      </testcase>
      <system-out><![CDATA[2018-11-14 16:15:24 - [TEST_SUITE][FAILED] - ASMV3 Test Suite: Test Cases/ASMV3/WerkorderOppakken FAILED because (of) (Stack trace: com.kms.katalon.core.exception.StepFailedException: Unable to click on object 'Object Repository/ASMV3/Order/ParkeerWerkorder' (Root cause: com.kms.katalon.core.webui.exception.WebElementNotFoundException: Web element with id: 'Object Repository/ASMV3/Order/ParkeerWerkorder' located by 'By.xpath: //button[@data-test-id = 'app-bar-function-parkeer-werkorder' and @type = 'button' and (text() = 'Parkeer werkorder' or . = 'Parkeer werkorder') and @class = 'btn btn-primary navbar-btn']' not found)
	at com.kms.katalon.core.keyword.internal.KeywordMain.stepFailed(KeywordMain.groovy:36)
	at com.kms.katalon.core.webui.keyword.internal.WebUIKeywordMain.stepFailed(WebUIKeywordMain.groovy:65)
	at com.kms.katalon.core.webui.keyword.internal.WebUIKeywordMain.runKeyword(WebUIKeywordMain.groovy:27)
	at com.kms.katalon.core.webui.keyword.builtin.ClickKeyword.click(ClickKeyword.groovy:86)
	at com.kms.katalon.core.webui.keyword.builtin.ClickKeyword.execute(ClickKeyword.groovy:67)
	at com.kms.katalon.core.keyword.internal.KeywordExecutor.executeKeywordForPlatform(KeywordExecutor.groovy:53)
	at com.kms.katalon.core.webui.keyword.WebUiBuiltInKeywords.click(WebUiBuiltInKeywords.groovy:616)
	at com.kms.katalon.core.webui.keyword.WebUiBuiltInKeywords$click$2.call(Unknown Source)
	at org.codehaus.groovy.runtime.callsite.CallSiteArray.defaultCall(CallSiteArray.java:48)
	at org.codehaus.groovy.runtime.callsite.AbstractCallSite.call(AbstractCallSite.java:113)
	at org.codehaus.groovy.runtime.callsite.AbstractCallSite.call(AbstractCallSite.java:125)
	at Script1542191612259.run(Script1542191612259.groovy:84)
	at com.kms.katalon.core.main.ScriptEngine.run(ScriptEngine.java:183)
	at com.kms.katalon.core.main.ScriptEngine.runScriptAsRawText(ScriptEngine.java:108)
	at com.kms.katalon.core.main.TestCaseExecutor.runScript(TestCaseExecutor.java:294)
	at com.kms.katalon.core.main.TestCaseExecutor.doExecute(TestCaseExecutor.java:285)
	at com.kms.katalon.core.main.TestCaseExecutor.processExecutionPhase(TestCaseExecutor.java:264)
	at com.kms.katalon.core.main.TestCaseExecutor.accessMainPhase(TestCaseExecutor.java:256)
	at com.kms.katalon.core.main.TestCaseExecutor.execute(TestCaseExecutor.java:200)
	at com.kms.katalon.core.main.TestSuiteExecutor.accessTestCaseMainPhase(TestSuiteExecutor.java:129)
	at com.kms.katalon.core.main.TestSuiteExecutor.accessTestSuiteMainPhase(TestSuiteExecutor.java:112)
	at com.kms.katalon.core.main.TestSuiteExecutor.execute(TestSuiteExecutor.java:81)
	at com.kms.katalon.core.main.TestCaseMain.startTestSuite(TestCaseMain.java:142)
	at com.kms.katalon.core.main.TestCaseMain$startTestSuite$0.call(Unknown Source)
	at org.codehaus.groovy.runtime.callsite.CallSiteArray.defaultCall(CallSiteArray.java:48)
	at org.codehaus.groovy.runtime.callsite.AbstractCallSite.call(AbstractCallSite.java:113)
	at org.codehaus.groovy.runtime.callsite.AbstractCallSite.call(AbstractCallSite.java:141)
	at TempTestSuite1542208523577.run(TempTestSuite1542208523577.groovy:36)
	at groovy.lang.GroovyShell.runScriptOrMainOrTestOrRunnable(GroovyShell.java:263)
	at groovy.lang.GroovyShell.run(GroovyShell.java:518)
	at groovy.lang.GroovyShell.run(GroovyShell.java:507)
	at groovy.ui.GroovyMain.processOnce(GroovyMain.java:653)
	at groovy.ui.GroovyMain.run(GroovyMain.java:384)
	at groovy.ui.GroovyMain.process(GroovyMain.java:370)
	at groovy.ui.GroovyMain.processArgs(GroovyMain.java:129)
	at groovy.ui.GroovyMain.main(GroovyMain.java:109)
	at sun.reflect.NativeMethodAccessorImpl.invoke0(Native Method)
	at sun.reflect.NativeMethodAccessorImpl.invoke(NativeMethodAccessorImpl.java:62)
	at sun.reflect.DelegatingMethodAccessorImpl.invoke(DelegatingMethodAccessorImpl.java:43)
	at java.lang.reflect.Method.invoke(Method.java:498)
	at org.codehaus.groovy.tools.GroovyStarter.rootLoader(GroovyStarter.java:109)
	at org.codehaus.groovy.tools.GroovyStarter.main(GroovyStarter.java:131)
)]]></system-out>
      <system-err><![CDATA[2018-11-14 16:15:24 - [TEST_SUITE][FAILED] - ASMV3 Test Suite: Test Cases/ASMV3/WerkorderOppakken FAILED because (of) (Stack trace: com.kms.katalon.core.exception.StepFailedException: Unable to click on object 'Object Repository/ASMV3/Order/ParkeerWerkorder' (Root cause: com.kms.katalon.core.webui.exception.WebElementNotFoundException: Web element with id: 'Object Repository/ASMV3/Order/ParkeerWerkorder' located by 'By.xpath: //button[@data-test-id = 'app-bar-function-parkeer-werkorder' and @type = 'button' and (text() = 'Parkeer werkorder' or . = 'Parkeer werkorder') and @class = 'btn btn-primary navbar-btn']' not found)
	at com.kms.katalon.core.keyword.internal.KeywordMain.stepFailed(KeywordMain.groovy:36)
	at com.kms.katalon.core.webui.keyword.internal.WebUIKeywordMain.stepFailed(WebUIKeywordMain.groovy:65)
	at com.kms.katalon.core.webui.keyword.internal.WebUIKeywordMain.runKeyword(WebUIKeywordMain.groovy:27)
	at com.kms.katalon.core.webui.keyword.builtin.ClickKeyword.click(ClickKeyword.groovy:86)
	at com.kms.katalon.core.webui.keyword.builtin.ClickKeyword.execute(ClickKeyword.groovy:67)
	at com.kms.katalon.core.keyword.internal.KeywordExecutor.executeKeywordForPlatform(KeywordExecutor.groovy:53)
	at com.kms.katalon.core.webui.keyword.WebUiBuiltInKeywords.click(WebUiBuiltInKeywords.groovy:616)
	at com.kms.katalon.core.webui.keyword.WebUiBuiltInKeywords$click$2.call(Unknown Source)
	at org.codehaus.groovy.runtime.callsite.CallSiteArray.defaultCall(CallSiteArray.java:48)
	at org.codehaus.groovy.runtime.callsite.AbstractCallSite.call(AbstractCallSite.java:113)
	at org.codehaus.groovy.runtime.callsite.AbstractCallSite.call(AbstractCallSite.java:125)
	at Script1542191612259.run(Script1542191612259.groovy:84)
	at com.kms.katalon.core.main.ScriptEngine.run(ScriptEngine.java:183)
	at com.kms.katalon.core.main.ScriptEngine.runScriptAsRawText(ScriptEngine.java:108)
	at com.kms.katalon.core.main.TestCaseExecutor.runScript(TestCaseExecutor.java:294)
	at com.kms.katalon.core.main.TestCaseExecutor.doExecute(TestCaseExecutor.java:285)
	at com.kms.katalon.core.main.TestCaseExecutor.processExecutionPhase(TestCaseExecutor.java:264)
	at com.kms.katalon.core.main.TestCaseExecutor.accessMainPhase(TestCaseExecutor.java:256)
	at com.kms.katalon.core.main.TestCaseExecutor.execute(TestCaseExecutor.java:200)
	at com.kms.katalon.core.main.TestSuiteExecutor.accessTestCaseMainPhase(TestSuiteExecutor.java:129)
	at com.kms.katalon.core.main.TestSuiteExecutor.accessTestSuiteMainPhase(TestSuiteExecutor.java:112)
	at com.kms.katalon.core.main.TestSuiteExecutor.execute(TestSuiteExecutor.java:81)
	at com.kms.katalon.core.main.TestCaseMain.startTestSuite(TestCaseMain.java:142)
	at com.kms.katalon.core.main.TestCaseMain$startTestSuite$0.call(Unknown Source)
	at org.codehaus.groovy.runtime.callsite.CallSiteArray.defaultCall(CallSiteArray.java:48)
	at org.codehaus.groovy.runtime.callsite.AbstractCallSite.call(AbstractCallSite.java:113)
	at org.codehaus.groovy.runtime.callsite.AbstractCallSite.call(AbstractCallSite.java:141)
	at TempTestSuite1542208523577.run(TempTestSuite1542208523577.groovy:36)
	at groovy.lang.GroovyShell.runScriptOrMainOrTestOrRunnable(GroovyShell.java:263)
	at groovy.lang.GroovyShell.run(GroovyShell.java:518)
	at groovy.lang.GroovyShell.run(GroovyShell.java:507)
	at groovy.ui.GroovyMain.processOnce(GroovyMain.java:653)
	at groovy.ui.GroovyMain.run(GroovyMain.java:384)
	at groovy.ui.GroovyMain.process(GroovyMain.java:370)
	at groovy.ui.GroovyMain.processArgs(GroovyMain.java:129)
	at groovy.ui.GroovyMain.main(GroovyMain.java:109)
	at sun.reflect.NativeMethodAccessorImpl.invoke0(Native Method)
	at sun.reflect.NativeMethodAccessorImpl.invoke(NativeMethodAccessorImpl.java:62)
	at sun.reflect.DelegatingMethodAccessorImpl.invoke(DelegatingMethodAccessorImpl.java:43)
	at java.lang.reflect.Method.invoke(Method.java:498)
	at org.codehaus.groovy.tools.GroovyStarter.rootLoader(GroovyStarter.java:109)
	at org.codehaus.groovy.tools.GroovyStarter.main(GroovyStarter.java:131)
)]]></system-err>
   </testsuite>
</testsuites>
